<?xml version="1.0" encoding="UTF-8"?>
<!-- Generated by org.testng.reporters.JUnitXMLReporter -->
<testsuite ignored="0" hostname="DESKTOP-09LJIS2" failures="2" tests="7" name="Surefire test" time="0.117" errors="0" timestamp="2020-12-23T17:10:56 IST">
  <testcase classname="carLoanTest" name="carFailedTest" time="0.009">
    <failure type="java.lang.AssertionError" message="expected [true] but found [false]">
      <![CDATA[java.lang.AssertionError: expected [true] but found [false]
at carLoanTest.carFailedTest(carLoanTest.java:126)
at java.base/java.util.ArrayList.forEach(ArrayList.java:1511)
... Removed 36 stack frames]]>
    </failure>
  </testcase> <!-- carFailedTest -->
  <testcase classname="carLoanTest" name="carLoanLogin" time="0.0"/>
  <testcase classname="carLoanTest" name="carLoanLogin" time="0.0"/>
  <testcase classname="carLoanTest" name="carLoanLogin" time="0.001"/>
  <testcase classname="carLoanTest" name="parameterCar" time="0.0">
    <failure type="org.testng.TestNGException" message="
Parameter &amp;apos;parametername&amp;apos; is required by @Test on method parameterCar but has not been marked @Optional or defined
">
      <![CDATA[org.testng.TestNGException: 
Parameter 'parametername' is required by @Test on method parameterCar but has not been marked @Optional or defined

at java.base/java.util.ArrayList.forEach(ArrayList.java:1511)
... Removed 31 stack frames]]>
    </failure>
  </testcase> <!-- parameterCar -->
  <testcase classname="carLoanTest" name="carLoanView" time="0.001"/>
  <testcase classname="carLoanTest" name="carLoanSignout" time="0.0"/>
</testsuite> <!-- Surefire test -->
