-------------------------------------------------------------------------------
Test set: TestSuite
-------------------------------------------------------------------------------
Tests run: 4, Failures: 1, Errors: 0, Skipped: 3, Time elapsed: 2.749 s <<< FAILURE! - in TestSuite
apidemoTest.beforeTest  Time elapsed: 1.191 s  <<< FAILURE!
io.appium.java_client.service.local.InvalidServerInstanceException: NodeJS is either not installed or its executable not present in PATH
	at apidemoTest.beforeTest(apidemoTest.java:18)

