<?xml version="1.0" encoding="UTF-8"?>
<testsuite xmlns:xsi="http://www.w3.org/2001/XMLSchema-instance" xsi:noNamespaceSchemaLocation="https://maven.apache.org/surefire/maven-surefire-plugin/xsd/surefire-test-report-3.0.xsd" version="3.0" name="carLoanTest" time="1.02" tests="7" errors="0" skipped="0" failures="2">
  <properties>
    <property name="java.specification.version" value="15"/>
    <property name="sun.cpu.isalist" value="amd64"/>
    <property name="sun.jnu.encoding" value="Cp1252"/>
    <property name="java.class.path" value="C:\Users\aarus\IdeaProjects\mavenproject\target\test-classes;C:\Users\aarus\IdeaProjects\mavenproject\target\classes;C:\Users\aarus\.m2\repository\org\testng\testng\7.1.0\testng-7.1.0.jar;C:\Users\aarus\.m2\repository\com\beust\jcommander\1.72\jcommander-1.72.jar;C:\Users\aarus\.m2\repository\com\google\inject\guice\4.1.0\guice-4.1.0-no_aop.jar;C:\Users\aarus\.m2\repository\javax\inject\javax.inject\1\javax.inject-1.jar;C:\Users\aarus\.m2\repository\aopalliance\aopalliance\1.0\aopalliance-1.0.jar;C:\Users\aarus\.m2\repository\com\google\guava\guava\19.0\guava-19.0.jar;C:\Users\aarus\.m2\repository\org\yaml\snakeyaml\1.21\snakeyaml-1.21.jar;"/>
    <property name="java.vm.vendor" value="Oracle Corporation"/>
    <property name="sun.arch.data.model" value="64"/>
    <property name="user.variant" value=""/>
    <property name="java.vendor.url" value="https://java.oracle.com/"/>
    <property name="user.timezone" value="Asia/Calcutta"/>
    <property name="os.name" value="Windows 10"/>
    <property name="java.vm.specification.version" value="15"/>
    <property name="sun.java.launcher" value="SUN_STANDARD"/>
    <property name="user.country" value="IN"/>
    <property name="sun.boot.library.path" value="C:\Program Files\Java\jdk-15.0.1\bin"/>
    <property name="sun.java.command" value="C:\Users\aarus\AppData\Local\Temp\surefire16662496891148648687\surefirebooter14305424245713131942.jar C:\Users\aarus\AppData\Local\Temp\surefire16662496891148648687 2020-12-23T17-10-54_198-jvmRun1 surefire1957458858667430446tmp surefire_010459364043009008184tmp"/>
    <property name="jdk.debug" value="release"/>
    <property name="test" value="carLoanTest"/>
    <property name="surefire.test.class.path" value="C:\Users\aarus\IdeaProjects\mavenproject\target\test-classes;C:\Users\aarus\IdeaProjects\mavenproject\target\classes;C:\Users\aarus\.m2\repository\org\testng\testng\7.1.0\testng-7.1.0.jar;C:\Users\aarus\.m2\repository\com\beust\jcommander\1.72\jcommander-1.72.jar;C:\Users\aarus\.m2\repository\com\google\inject\guice\4.1.0\guice-4.1.0-no_aop.jar;C:\Users\aarus\.m2\repository\javax\inject\javax.inject\1\javax.inject-1.jar;C:\Users\aarus\.m2\repository\aopalliance\aopalliance\1.0\aopalliance-1.0.jar;C:\Users\aarus\.m2\repository\com\google\guava\guava\19.0\guava-19.0.jar;C:\Users\aarus\.m2\repository\org\yaml\snakeyaml\1.21\snakeyaml-1.21.jar;"/>
    <property name="sun.cpu.endian" value="little"/>
    <property name="user.home" value="C:\Users\aarus"/>
    <property name="user.language" value="en"/>
    <property name="java.specification.vendor" value="Oracle Corporation"/>
    <property name="java.version.date" value="2020-10-20"/>
    <property name="java.home" value="C:\Program Files\Java\jdk-15.0.1"/>
    <property name="file.separator" value="\"/>
    <property name="basedir" value="C:\Users\aarus\IdeaProjects\mavenproject"/>
    <property name="java.vm.compressedOopsMode" value="32-bit"/>
    <property name="line.separator" value="&#10;"/>
    <property name="java.vm.specification.vendor" value="Oracle Corporation"/>
    <property name="java.specification.name" value="Java Platform API Specification"/>
    <property name="surefire.real.class.path" value="C:\Users\aarus\AppData\Local\Temp\surefire16662496891148648687\surefirebooter14305424245713131942.jar"/>
    <property name="user.script" value=""/>
    <property name="sun.management.compiler" value="HotSpot 64-Bit Tiered Compilers"/>
    <property name="java.runtime.version" value="15.0.1+9-18"/>
    <property name="user.name" value="aarus"/>
    <property name="path.separator" value=";"/>
    <property name="os.version" value="10.0"/>
    <property name="java.runtime.name" value="Java(TM) SE Runtime Environment"/>
    <property name="file.encoding" value="Cp1252"/>
    <property name="java.vm.name" value="Java HotSpot(TM) 64-Bit Server VM"/>
    <property name="localRepository" value="C:\Users\aarus\.m2\repository"/>
    <property name="java.vendor.url.bug" value="https://bugreport.java.com/bugreport/"/>
    <property name="java.io.tmpdir" value="C:\Users\aarus\AppData\Local\Temp\"/>
    <property name="java.version" value="15.0.1"/>
    <property name="user.dir" value="C:\Users\aarus\IdeaProjects\mavenproject"/>
    <property name="os.arch" value="amd64"/>
    <property name="java.vm.specification.name" value="Java Virtual Machine Specification"/>
    <property name="sun.os.patch.level" value=""/>
    <property name="java.library.path" value="C:\Program Files\Java\jdk-15.0.1\bin;C:\WINDOWS\Sun\Java\bin;C:\WINDOWS\system32;C:\WINDOWS;C:\Program Files\Common Files\Oracle\Java\javapath;C:\WINDOWS\system32;C:\WINDOWS;C:\WINDOWS\System32\Wbem;C:\WINDOWS\System32\WindowsPowerShell\v1.0\;C:\WINDOWS\System32\OpenSSH\;C:\Program Files (x86)\NVIDIA Corporation\PhysX\Common;C:\Users\aarus\AppData\Local\Programs\Python\Python38-32\Scripts\;C:\Users\aarus\AppData\Local\Programs\Python\Python38-32\;C:\Users\aarus\AppData\Local\Android\Sdk\tools\bin;C:\Users\aarus\AppData\Local\Android\Sdk\tools;C:\Users\aarus\AppData\Local\Android\Sdk\platform-tools;C:\Program Files\nodejs\;C:\Program Files\nodejs\node_modules\npm\bin;C:\Program Files\Java\jdk-15.0.1\bin;C:\Program Files\Java\jdk1.8.0_271\bin;C:\Program Files\apache-maven-3.6.3\bin;C:\Users\aarus\AppData\Local\Programs\Python\Python38-32\Scripts\;C:\Users\aarus\AppData\Local\Programs\Python\Python38-32\;C:\Program Files\MySQL\MySQL Shell 8.0\bin\;C:\Users\aarus\AppData\Local\Programs\Microsoft VS Code\bin;C:\Users\aarus\AppData\Roaming\npm;."/>
    <property name="java.vm.info" value="mixed mode, sharing"/>
    <property name="java.vendor" value="Oracle Corporation"/>
    <property name="java.vm.version" value="15.0.1+9-18"/>
    <property name="sun.io.unicode.encoding" value="UnicodeLittle"/>
    <property name="java.class.version" value="59.0"/>
  </properties>
  <testcase name="carFailedTest" classname="carLoanTest" time="0.015">
    <failure message="expected [true] but found [false]" type="java.lang.AssertionError"><![CDATA[java.lang.AssertionError: expected [true] but found [false]
	at carLoanTest.carFailedTest(carLoanTest.java:126)
]]></failure>
    <system-out><![CDATA[Before Test Car Loan Execute
Before Car loan class
Before Each Test/Method Car Loan Execute
]]></system-out>
  </testcase>
  <testcase name="carLoanLogin[firstusername, firstuserpassword](1)" classname="carLoanTest" time="0.02">
    <system-out><![CDATA[After Each Test/Method Car Loan Execute
Before Each Test/Method Car Loan Execute
Car Loan Login
firstusername
firstuserpassword
]]></system-out>
  </testcase>
  <testcase name="carLoanLogin[secondusername, seconduserpassword](2)" classname="carLoanTest" time="0.006">
    <system-out><![CDATA[After Each Test/Method Car Loan Execute
Before Each Test/Method Car Loan Execute
Car Loan Login
secondusername
seconduserpassword
]]></system-out>
  </testcase>
  <testcase name="carLoanLogin[thirdusername, thirduserpassword](3)" classname="carLoanTest" time="0.007">
    <system-out><![CDATA[After Each Test/Method Car Loan Execute
Before Each Test/Method Car Loan Execute
Car Loan Login
thirdusername
thirduserpassword
]]></system-out>
  </testcase>
  <testcase name="parameterCar" classname="carLoanTest" time="0.494">
    <failure message="&#10;Parameter &apos;parametername&apos; is required by @Test on method parameterCar but has not been marked @Optional or defined&#10;" type="org.testng.TestNGException"><![CDATA[org.testng.TestNGException: 

Parameter 'parametername' is required by @Test on method parameterCar but has not been marked @Optional or defined

]]></failure>
    <system-out><![CDATA[After Each Test/Method Car Loan Execute
]]></system-out>
    <system-err><![CDATA[[Utils] [ERROR] [Error] org.testng.TestNGException: 
Parameter &apos;parametername&apos; is required by @Test on method parameterCar but has not been marked @Optional or defined

	at org.testng.internal.Parameters.createParams(Parameters.java:272)
	at org.testng.internal.Parameters.createParametersForMethod(Parameters.java:360)
	at org.testng.internal.Parameters.createParameters(Parameters.java:704)
	at org.testng.internal.Parameters.handleParameters(Parameters.java:879)
	at org.testng.internal.Parameters.handleParameters(Parameters.java:744)
	at org.testng.internal.ParameterHandler.handleParameters(ParameterHandler.java:59)
	at org.testng.internal.ParameterHandler.createParameters(ParameterHandler.java:38)
	at org.testng.internal.TestInvoker$MethodInvocationAgent.invoke(TestInvoker.java:783)
	at org.testng.internal.TestInvoker.invokeTestMethods(TestInvoker.java:146)
	at org.testng.internal.TestMethodWorker.invokeTestMethods(TestMethodWorker.java:146)
	at org.testng.internal.TestMethodWorker.run(TestMethodWorker.java:128)
	at java.base/java.util.ArrayList.forEach(ArrayList.java:1511)
	at org.testng.TestRunner.privateRun(TestRunner.java:766)
	at org.testng.TestRunner.run(TestRunner.java:587)
	at org.testng.SuiteRunner.runTest(SuiteRunner.java:384)
	at org.testng.SuiteRunner.runSequentially(SuiteRunner.java:378)
	at org.testng.SuiteRunner.privateRun(SuiteRunner.java:337)
	at org.testng.SuiteRunner.run(SuiteRunner.java:286)
	at org.testng.SuiteRunnerWorker.runSuite(SuiteRunnerWorker.java:53)
	at org.testng.SuiteRunnerWorker.run(SuiteRunnerWorker.java:96)
	at org.testng.TestNG.runSuitesSequentially(TestNG.java:1187)
	at org.testng.TestNG.runSuitesLocally(TestNG.java:1109)
	at org.testng.TestNG.runSuites(TestNG.java:1039)
	at org.testng.TestNG.run(TestNG.java:1007)
	at org.apache.maven.surefire.testng.TestNGExecutor.run(TestNGExecutor.java:136)
	at org.apache.maven.surefire.testng.TestNGDirectoryTestSuite.executeSingleClass(TestNGDirectoryTestSuite.java:112)
	at org.apache.maven.surefire.testng.TestNGDirectoryTestSuite.execute(TestNGDirectoryTestSuite.java:99)
	at org.apache.maven.surefire.testng.TestNGProvider.invoke(TestNGProvider.java:145)
	at org.apache.maven.surefire.booter.ForkedBooter.runSuitesInProcess(ForkedBooter.java:428)
	at org.apache.maven.surefire.booter.ForkedBooter.execute(ForkedBooter.java:162)
	at org.apache.maven.surefire.booter.ForkedBooter.run(ForkedBooter.java:562)
	at org.apache.maven.surefire.booter.ForkedBooter.main(ForkedBooter.java:548)

]]></system-err>
  </testcase>
  <testcase name="carLoanView" classname="carLoanTest" time="0.001">
    <system-out><![CDATA[Before Each Test/Method Car Loan Execute
Car Loan View
]]></system-out>
  </testcase>
  <testcase name="carLoanSignout" classname="carLoanTest" time="0.002">
    <system-out><![CDATA[After Each Test/Method Car Loan Execute
Before Each Test/Method Car Loan Execute
Car Loan Signout
]]></system-out>
  </testcase>
</testsuite>